<?xml version="1.0" encoding="UTF-8"?>
<robot generator="Robot 6.0.2 (Python 3.11.2 on win32)" generated="20230523 18:07:42.270" rpa="false" schemaversion="3">
<suite id="s1" name="invalidLogin" source="C:\Users\prash\PycharmProjects\Assignment\TestSuites\invalidLogin.robot">
<kw name="Open Browser To Login Page" type="SETUP">
<msg timestamp="20230523 18:07:42.791" level="FAIL">No keyword with name 'Open Browser To Login Page' found. Did you try using keyword 'SeleniumLibrary.Open Browser' and forgot to use enough whitespace between keyword and arguments?</msg>
<status status="FAIL" starttime="20230523 18:07:42.791" endtime="20230523 18:07:42.791"/>
</kw>
<test id="s1-t1" name="Invalid Email" line="23">
<status status="FAIL" starttime="20230523 18:07:42.792" endtime="20230523 18:07:42.792">Parent suite setup failed:
No keyword with name 'Open Browser To Login Page' found. Did you try using keyword 'SeleniumLibrary.Open Browser' and forgot to use enough whitespace between keyword and arguments?</status>
</test>
<test id="s1-t2" name="Invalid Password" line="24">
<status status="FAIL" starttime="20230523 18:07:42.795" endtime="20230523 18:07:42.795">Parent suite setup failed:
No keyword with name 'Open Browser To Login Page' found. Did you try using keyword 'SeleniumLibrary.Open Browser' and forgot to use enough whitespace between keyword and arguments?</status>
</test>
<test id="s1-t3" name="Invalid Email And Password" line="25">
<status status="FAIL" starttime="20230523 18:07:42.797" endtime="20230523 18:07:42.798">Parent suite setup failed:
No keyword with name 'Open Browser To Login Page' found. Did you try using keyword 'SeleniumLibrary.Open Browser' and forgot to use enough whitespace between keyword and arguments?</status>
</test>
<test id="s1-t4" name="Empty Email" line="26">
<status status="FAIL" starttime="20230523 18:07:42.799" endtime="20230523 18:07:42.800">Parent suite setup failed:
No keyword with name 'Open Browser To Login Page' found. Did you try using keyword 'SeleniumLibrary.Open Browser' and forgot to use enough whitespace between keyword and arguments?</status>
</test>
<test id="s1-t5" name="Empty Password" line="27">
<status status="FAIL" starttime="20230523 18:07:42.801" endtime="20230523 18:07:42.802">Parent suite setup failed:
No keyword with name 'Open Browser To Login Page' found. Did you try using keyword 'SeleniumLibrary.Open Browser' and forgot to use enough whitespace between keyword and arguments?</status>
</test>
<test id="s1-t6" name="Empty Email And Password" line="28">
<status status="FAIL" starttime="20230523 18:07:42.803" endtime="20230523 18:07:42.803">Parent suite setup failed:
No keyword with name 'Open Browser To Login Page' found. Did you try using keyword 'SeleniumLibrary.Open Browser' and forgot to use enough whitespace between keyword and arguments?</status>
</test>
<kw name="Close Browser" library="SeleniumLibrary" type="TEARDOWN">
<doc>Closes the current browser.</doc>
<status status="PASS" starttime="20230523 18:07:42.805" endtime="20230523 18:07:42.805"/>
</kw>
<doc>A test suite containing tests related to invalid login.

These tests are data-driven by their nature. They use a single
keyword, specified with Test Template setting, that is called
with different arguments to cover different scenarios.

This suite also demonstrates using setups and teardowns in
different levels.</doc>
<status status="FAIL" starttime="20230523 18:07:42.273" endtime="20230523 18:07:42.805">Suite setup failed:
No keyword with name 'Open Browser To Login Page' found. Did you try using keyword 'SeleniumLibrary.Open Browser' and forgot to use enough whitespace between keyword and arguments?</status>
</suite>
<statistics>
<total>
<stat pass="0" fail="6" skip="0">All Tests</stat>
</total>
<tag>
</tag>
<suite>
<stat pass="0" fail="6" skip="0" id="s1" name="invalidLogin">invalidLogin</stat>
</suite>
</statistics>
<errors>
<msg timestamp="20230523 18:07:42.785" level="ERROR">Error in file 'C:\Users\prash\PycharmProjects\Assignment\TestSuites\invalidLogin.robot' on line 3: Resource file '..\Resources\Keywords.robot' does not exist.</msg>
</errors>
</robot>
